<?xml version="1.0" encoding="UTF-8"?>
<testng-results ignored="0" total="1" passed="1" failed="0" skipped="0">
  <reporter-output>
  </reporter-output>
  <suite started-at="2024-02-25T17:06:23 EST" name="Surefire suite" finished-at="2024-02-25T17:06:23 EST" duration-ms="7">
    <groups>
    </groups>
    <test started-at="2024-02-25T17:06:23 EST" name="Surefire test" finished-at="2024-02-25T17:06:23 EST" duration-ms="7">
      <class name="com.zafin.interviewselenium.AppTest">
        <test-method signature="testApp()[pri:0, instance:testApp(com.zafin.interviewselenium.AppTest)]" started-at="2024-02-25T17:06:23 EST" name="testApp" finished-at="2024-02-25T17:06:23 EST" duration-ms="1" status="PASS">
          <reporter-output>
          </reporter-output>
        </test-method> <!-- testApp -->
      </class> <!-- com.zafin.interviewselenium.AppTest -->
    </test> <!-- Surefire test -->
  </suite> <!-- Surefire suite -->
</testng-results>
