<?xml version="1.0" encoding="UTF-8"?>
<!-- Generated by org.testng.reporters.JUnitXMLReporter -->
<testsuite ignored="0" hostname="DESKTOP-9Q828V5" failures="0" tests="21" name="Default test" time="66.006" errors="0" timestamp="2024-02-25T22:44:27 EST">
  <testcase classname="tests.LoginTest" name="testLoginWithInvalidCredentials" time="0.448"/>
  <testcase classname="tests.LoginTest" name="testLoginWithInvalidCredentials" time="0.414"/>
  <testcase classname="tests.LoginTest" name="testLoginWithInvalidCredentials" time="0.357"/>
  <testcase classname="tests.LoginTest" name="testLoginWithInvalidCredentials" time="0.357"/>
  <testcase classname="tests.LoginTest" name="testSuccessfulLogin" time="3.084"/>
  <testcase classname="tests.LoginTest" name="testSuccessfulLogin" time="2.891"/>
  <testcase classname="tests.LoginTest" name="testSuccessfulLogin" time="0.371"/>
  <testcase classname="tests.LoginTest" name="testSuccessfulLogin" time="5.502"/>
  <testcase classname="tests.LoginTest" name="testSuccessfulLogin" time="0.396"/>
  <testcase classname="tests.LoginTest" name="testSuccessfulLogin" time="0.409"/>
  <testcase classname="tests.InventoryTest" name="testIfBothItemsAreAddedToCart" time="1.038"/>
  <testcase classname="tests.InventoryTest" name="testIfUserIsRedirectedToInventoryPage" time="0.389"/>
  <testcase classname="tests.InventoryTest" name="testSortByPriceLowToHigh" time="0.629"/>
  <testcase classname="tests.CheckoutStepOneTest" name="checkoutInformationSuccessful" time="1.5"/>
  <testcase classname="tests.CheckoutStepOneTest" name="validateFieldsInCheckoutPageStepOne" time="1.4"/>
  <testcase classname="tests.CheckoutStepOneTest" name="validateFieldsInCheckoutPageStepOne" time="1.38"/>
  <testcase classname="tests.CheckoutStepOneTest" name="validateFieldsInCheckoutPageStepOne" time="1.447"/>
  <testcase classname="tests.CartTest" name="testIfRightProductsAddedToCart" time="0.962"/>
  <testcase classname="tests.CheckoutStepTwoTest" name="checkIfOrderPlaced" time="1.478"/>
  <testcase classname="tests.CheckoutStepTwoTest" name="checkIfPriceAndPaymentMatchesExpectedValueAfterCheckout" time="1.443"/>
  <testcase classname="tests.CheckoutStepTwoTest" name="checkIfUserLogoutAfterPlacingOrder" time="1.773"/>
</testsuite> <!-- Default test -->
